<?xml version="1.0" encoding="UTF-8"?>
<!-- Generated by org.testng.reporters.JUnitXMLReporter -->
<testsuite ignored="2" hostname="IN-6C1D5S3" failures="0" tests="2" name="Surefire test" time="21.474" errors="0" timestamp="2024-06-17T00:29:34 IST">
  <testcase classname="testcases.HomePageLogoTest" name="homePageLogo" time="0.041"/>
  <testcase classname="testcases.LoginTest" name="login" time="4.894"/>
  <testcase classname="pages.BasePage" name="@BeforeSuite setup" time="0.0">
    <ignored/>
  </testcase> <!-- @BeforeSuite setup -->
  <testcase classname="pages.BasePage" name="@AfterSuite finishReport" time="0.0">
    <ignored/>
  </testcase> <!-- @AfterSuite finishReport -->
</testsuite> <!-- Surefire test -->
