<?xml version="1.0" encoding="UTF-8"?>
<testsuite xmlns:xsi="http://www.w3.org/2001/XMLSchema-instance" xsi:noNamespaceSchemaLocation="https://maven.apache.org/surefire/maven-surefire-plugin/xsd/surefire-test-report.xsd" name="TestSuite" time="179.995" tests="20" errors="0" skipped="0" failures="3">
  <properties>
[...]
</properties>
  <testcase name="addToCartTest" classname="testcases.AddToCartTest" time="6.157"/>
  <testcase name="checkMore" classname="testcases.CheckMoreTest" time="1.609"/>
  <testcase name="checkPagination" classname="testcases.CheckPaginationTest" time="4.968"/>
  <testcase name="clearFilterTest" classname="testcases.ClearFilterTest" time="1.855">
    <failure message="stale element reference: stale element not found in the current frame&#10;  (Session info: chrome=125.0.6422.142)&#10;For documentation on this error, please visit: https://www.selenium.dev/documentation/webdriver/troubleshooting/errors#stale-element-reference-exception&#10;Build info: version: &apos;4.21.0&apos;, revision: &apos;79ed462ef4&apos;&#10;System info: os.name: &apos;Windows 11&apos;, os.arch: &apos;amd64&apos;, os.version: &apos;10.0&apos;, java.version: &apos;17.0.6&apos;&#10;Driver info: org.openqa.selenium.chrome.ChromeDriver&#10;Command: [eb75ec8c5f552250774add5a539cb23f, sendKeysToElement {id=f.8845C18F852AE8BF484A96E008358B16.d.6C6FB0B899326EEA6F385F818570F6A4.e.1, value=[Ljava.lang.CharSequence;@603cabc4}]&#10;Capabilities {acceptInsecureCerts: false, browserName: chrome, browserVersion: 125.0.6422.142, chrome: {chromedriverVersion: 125.0.6422.141 (4b1e8393712..., userDataDir: C:\Users\MUKULC~1\AppData\L...}, fedcm:accounts: true, goog:chromeOptions: {debuggerAddress: localhost:60429}, networkConnectionEnabled: false, pageLoadStrategy: normal, platformName: windows, proxy: Proxy(), se:cdp: ws://localhost:60429/devtoo..., se:cdpVersion: 125.0.6422.142, setWindowRect: true, strictFileInteractability: false, timeouts: {implicit: 0, pageLoad: 300000, script: 30000}, unhandledPromptBehavior: dismiss and notify, webauthn:extension:credBlob: true, webauthn:extension:largeBlob: true, webauthn:extension:minPinLength: true, webauthn:extension:prf: true, webauthn:virtualAuthenticators: true}&#10;Element: [[ChromeDriver: chrome on windows (eb75ec8c5f552250774add5a539cb23f)] -&gt; css selector: input[title=&quot;Search for Products, Brands and More&quot;]]&#10;Session ID: eb75ec8c5f552250774add5a539cb23f" type="org.openqa.selenium.StaleElementReferenceException">org.openqa.selenium.StaleElementReferenceException: 
stale element reference: stale element not found in the current frame
  (Session info: chrome=125.0.6422.142)
For documentation on this error, please visit: https://www.selenium.dev/documentation/webdriver/troubleshooting/errors#stale-element-reference-exception
Build info: version: '4.21.0', revision: '79ed462ef4'
System info: os.name: 'Windows 11', os.arch: 'amd64', os.version: '10.0', java.version: '17.0.6'
Driver info: org.openqa.selenium.chrome.ChromeDriver
Command: [eb75ec8c5f552250774add5a539cb23f, sendKeysToElement {id=f.8845C18F852AE8BF484A96E008358B16.d.6C6FB0B899326EEA6F385F818570F6A4.e.1, value=[Ljava.lang.CharSequence;@603cabc4}]
Capabilities {acceptInsecureCerts: false, browserName: chrome, browserVersion: 125.0.6422.142, chrome: {chromedriverVersion: 125.0.6422.141 (4b1e8393712..., userDataDir: C:\Users\MUKULC~1\AppData\L...}, fedcm:accounts: true, goog:chromeOptions: {debuggerAddress: localhost:60429}, networkConnectionEnabled: false, pageLoadStrategy: normal, platformName: windows, proxy: Proxy(), se:cdp: ws://localhost:60429/devtoo..., se:cdpVersion: 125.0.6422.142, setWindowRect: true, strictFileInteractability: false, timeouts: {implicit: 0, pageLoad: 300000, script: 30000}, unhandledPromptBehavior: dismiss and notify, webauthn:extension:credBlob: true, webauthn:extension:largeBlob: true, webauthn:extension:minPinLength: true, webauthn:extension:prf: true, webauthn:virtualAuthenticators: true}
Element: [[ChromeDriver: chrome on windows (eb75ec8c5f552250774add5a539cb23f)] -> css selector: input[title="Search for Products, Brands and More"]]
Session ID: eb75ec8c5f552250774add5a539cb23f
	at testcases.ClearFilterTest.clearFilterTest(ClearFilterTest.java:17)
</failure>
  </testcase>
  <testcase name="filterByAmount" classname="testcases.FilterByAmountTest" time="4.807"/>
  <testcase name="filterByBrand" classname="testcases.FilterByBrandTest" time="6.751"/>
  <testcase name="giftCardPage" classname="testcases.GiftCardPageTest" time="5.952"/>
  <testcase name="homePageLogoFail" classname="testcases.HomePageLogoFailTest" time="0.033">
    <failure message="expected [Failed test case] but found [Online Shopping Site for Mobiles, Electronics, Furniture, Grocery, Lifestyle, Books &amp; More. Best Offers!]" type="java.lang.AssertionError"><![CDATA[java.lang.AssertionError: expected [Failed test case] but found [Online Shopping Site for Mobiles, Electronics, Furniture, Grocery, Lifestyle, Books & More. Best Offers!]
	at testcases.HomePageLogoFailTest.homePageLogoFail(HomePageLogoFailTest.java:11)
]]></failure>
  </testcase>
  <testcase name="homePageLogo" classname="testcases.HomePageLogoTest" time="0.017"/>
  <testcase name="invalidSearch" classname="testcases.InvalidSearchTest" time="2.187"/>
  <testcase name="login" classname="testcases.LoginTest" time="2.551"/>
  <testcase name="placeOrder" classname="testcases.PlaceOrderTest" time="7.507"/>
  <testcase name="removeFromCartTest" classname="testcases.RemoveFromCartTest" time="6.173"/>
  <testcase name="searchForProduct" classname="testcases.SearchForProductTest" time="2.469"/>
  <testcase name="selectCategory" classname="testcases.SelectCategoryTest" time="1.798"/>
  <testcase name="sortLowToHigh" classname="testcases.SortLowToHighTest" time="3.507"/>
  <testcase name="updateCartCount" classname="testcases.UpdateCartCountTest" time="6.57"/>
  <testcase name="validateProduct" classname="testcases.ValidateProductTest" time="5.05"/>
  <testcase name="validateRatings" classname="testcases.ValidateRatingsTest" time="9.51">
    <failure message="no such element: Unable to locate element: {&quot;method&quot;:&quot;css selector&quot;,&quot;selector&quot;:&quot;.Y1HWO0&quot;}&#10;  (Session info: chrome=125.0.6422.142)&#10;For documentation on this error, please visit: https://www.selenium.dev/documentation/webdriver/troubleshooting/errors#no-such-element-exception&#10;Build info: version: &apos;4.21.0&apos;, revision: &apos;79ed462ef4&apos;&#10;System info: os.name: &apos;Windows 11&apos;, os.arch: &apos;amd64&apos;, os.version: &apos;10.0&apos;, java.version: &apos;17.0.6&apos;&#10;Driver info: org.openqa.selenium.chrome.ChromeDriver&#10;Command: [cda6d16a2393784c85e98e60e41fe8ab, findElement {using=class name, value=Y1HWO0}]&#10;Capabilities {acceptInsecureCerts: false, browserName: chrome, browserVersion: 125.0.6422.142, chrome: {chromedriverVersion: 125.0.6422.141 (4b1e8393712..., userDataDir: C:\Users\MUKULC~1\AppData\L...}, fedcm:accounts: true, goog:chromeOptions: {debuggerAddress: localhost:61206}, networkConnectionEnabled: false, pageLoadStrategy: normal, platformName: windows, proxy: Proxy(), se:cdp: ws://localhost:61206/devtoo..., se:cdpVersion: 125.0.6422.142, setWindowRect: true, strictFileInteractability: false, timeouts: {implicit: 0, pageLoad: 300000, script: 30000}, unhandledPromptBehavior: dismiss and notify, webauthn:extension:credBlob: true, webauthn:extension:largeBlob: true, webauthn:extension:minPinLength: true, webauthn:extension:prf: true, webauthn:virtualAuthenticators: true}&#10;Session ID: cda6d16a2393784c85e98e60e41fe8ab" type="org.openqa.selenium.NoSuchElementException">org.openqa.selenium.NoSuchElementException: 
no such element: Unable to locate element: {"method":"css selector","selector":".Y1HWO0"}
  (Session info: chrome=125.0.6422.142)
For documentation on this error, please visit: https://www.selenium.dev/documentation/webdriver/troubleshooting/errors#no-such-element-exception
Build info: version: '4.21.0', revision: '79ed462ef4'
System info: os.name: 'Windows 11', os.arch: 'amd64', os.version: '10.0', java.version: '17.0.6'
Driver info: org.openqa.selenium.chrome.ChromeDriver
Command: [cda6d16a2393784c85e98e60e41fe8ab, findElement {using=class name, value=Y1HWO0}]
Capabilities {acceptInsecureCerts: false, browserName: chrome, browserVersion: 125.0.6422.142, chrome: {chromedriverVersion: 125.0.6422.141 (4b1e8393712..., userDataDir: C:\Users\MUKULC~1\AppData\L...}, fedcm:accounts: true, goog:chromeOptions: {debuggerAddress: localhost:61206}, networkConnectionEnabled: false, pageLoadStrategy: normal, platformName: windows, proxy: Proxy(), se:cdp: ws://localhost:61206/devtoo..., se:cdpVersion: 125.0.6422.142, setWindowRect: true, strictFileInteractability: false, timeouts: {implicit: 0, pageLoad: 300000, script: 30000}, unhandledPromptBehavior: dismiss and notify, webauthn:extension:credBlob: true, webauthn:extension:largeBlob: true, webauthn:extension:minPinLength: true, webauthn:extension:prf: true, webauthn:virtualAuthenticators: true}
Session ID: cda6d16a2393784c85e98e60e41fe8ab
	at testcases.ValidateRatingsTest.validateRatings(ValidateRatingsTest.java:26)
</failure>
  </testcase>
  <testcase name="validateSpecification" classname="testcases.ValidateSpecificationTest" time="5.09"/>
</testsuite>