<?xml version="1.0" encoding="UTF-8"?>
<testng-results ignored="0" total="2" passed="2" failed="0" skipped="0">
  <reporter-output>
  </reporter-output>
  <suite started-at="2024-06-17T00:29:13 IST" name="Surefire suite" finished-at="2024-06-17T00:29:34 IST" duration-ms="21474">
    <groups>
    </groups>
    <test started-at="2024-06-17T00:29:13 IST" name="Surefire test" finished-at="2024-06-17T00:29:34 IST" duration-ms="21474">
      <class name="testcases.HomePageLogoTest">
        <test-method is-config="true" signature="setup()[pri:0, instance:testcases.HomePageLogoTest@201b6b6f]" started-at="2024-06-17T00:29:11 IST" name="setup" finished-at="2024-06-17T00:29:13 IST" duration-ms="1652" status="PASS">
          <reporter-output>
          </reporter-output>
        </test-method> <!-- setup -->
        <test-method is-config="true" signature="setup(java.lang.reflect.Method)[pri:0, instance:testcases.HomePageLogoTest@201b6b6f]" started-at="2024-06-17T00:29:13 IST" name="setup" finished-at="2024-06-17T00:29:21 IST" duration-ms="7993" status="PASS">
          <params>
            <param index="0">
              <value>
                <![CDATA[public void testcases.HomePageLogoTest.homePageLogo()]]>
              </value>
            </param>
          </params>
          <reporter-output>
          </reporter-output>
        </test-method> <!-- setup -->
        <test-method signature="homePageLogo()[pri:0, instance:testcases.HomePageLogoTest@201b6b6f]" started-at="2024-06-17T00:29:21 IST" name="homePageLogo" finished-at="2024-06-17T00:29:21 IST" duration-ms="41" status="PASS">
          <reporter-output>
          </reporter-output>
        </test-method> <!-- homePageLogo -->
        <test-method is-config="true" signature="getResult(org.testng.ITestResult)[pri:0, instance:testcases.HomePageLogoTest@201b6b6f]" started-at="2024-06-17T00:29:21 IST" name="getResult" finished-at="2024-06-17T00:29:22 IST" duration-ms="1340" status="PASS">
          <params>
            <param index="0">
              <value>
                <![CDATA[[TestResult name=homePageLogo status=SUCCESS method=HomePageLogoTest.homePageLogo()[pri:0, instance:testcases.HomePageLogoTest@201b6b6f] output={null}]]]>
              </value>
            </param>
          </params>
          <reporter-output>
          </reporter-output>
        </test-method> <!-- getResult -->
        <test-method is-config="true" signature="finishReport()[pri:0, instance:testcases.HomePageLogoTest@201b6b6f]" started-at="2024-06-17T00:29:34 IST" name="finishReport" finished-at="2024-06-17T00:29:35 IST" duration-ms="584" status="PASS">
          <reporter-output>
          </reporter-output>
        </test-method> <!-- finishReport -->
      </class> <!-- testcases.HomePageLogoTest -->
      <class name="testcases.LoginTest">
        <test-method is-config="true" signature="setup(java.lang.reflect.Method)[pri:0, instance:testcases.LoginTest@45efc20d]" started-at="2024-06-17T00:29:22 IST" name="setup" finished-at="2024-06-17T00:29:29 IST" duration-ms="6631" status="PASS">
          <params>
            <param index="0">
              <value>
                <![CDATA[public void testcases.LoginTest.login()]]>
              </value>
            </param>
          </params>
          <reporter-output>
          </reporter-output>
        </test-method> <!-- setup -->
        <test-method signature="login()[pri:0, instance:testcases.LoginTest@45efc20d]" started-at="2024-06-17T00:29:29 IST" name="login" finished-at="2024-06-17T00:29:34 IST" duration-ms="4894" status="PASS">
          <reporter-output>
          </reporter-output>
        </test-method> <!-- login -->
        <test-method is-config="true" signature="getResult(org.testng.ITestResult)[pri:0, instance:testcases.LoginTest@45efc20d]" started-at="2024-06-17T00:29:34 IST" name="getResult" finished-at="2024-06-17T00:29:34 IST" duration-ms="495" status="PASS">
          <params>
            <param index="0">
              <value>
                <![CDATA[[TestResult name=login status=SUCCESS method=LoginTest.login()[pri:0, instance:testcases.LoginTest@45efc20d] output={null}]]]>
              </value>
            </param>
          </params>
          <reporter-output>
          </reporter-output>
        </test-method> <!-- getResult -->
      </class> <!-- testcases.LoginTest -->
    </test> <!-- Surefire test -->
  </suite> <!-- Surefire suite -->
</testng-results>
