<?xml version="1.0" encoding="UTF-8"?>
<testng-results ignored="0" total="1" passed="1" failed="0" skipped="0">
  <reporter-output>
  </reporter-output>
  <suite started-at="2024-06-16T19:12:47 IST" name="Default suite" finished-at="2024-06-16T19:13:15 IST" duration-ms="27843">
    <groups>
    </groups>
    <test started-at="2024-06-16T19:12:47 IST" name="Default test" finished-at="2024-06-16T19:13:15 IST" duration-ms="27843">
      <class name="testcases.AddToCartTest">
        <test-method is-config="true" signature="setup()[pri:0, instance:testcases.AddToCartTest@5974109]" started-at="2024-06-16T19:12:45 IST" name="setup" finished-at="2024-06-16T19:12:47 IST" duration-ms="2066" status="PASS">
          <reporter-output>
          </reporter-output>
        </test-method> <!-- setup -->
        <test-method is-config="true" signature="setup(java.lang.reflect.Method)[pri:0, instance:testcases.AddToCartTest@5974109]" started-at="2024-06-16T19:12:47 IST" name="setup" finished-at="2024-06-16T19:12:55 IST" duration-ms="7928" status="PASS">
          <params>
            <param index="0">
              <value>
                <![CDATA[public void testcases.AddToCartTest.addToCartTest()]]>
              </value>
            </param>
          </params>
          <reporter-output>
          </reporter-output>
        </test-method> <!-- setup -->
        <test-method signature="addToCartTest()[pri:0, instance:testcases.AddToCartTest@5974109]" started-at="2024-06-16T19:12:55 IST" name="addToCartTest" finished-at="2024-06-16T19:13:14 IST" duration-ms="18780" status="PASS">
          <reporter-output>
          </reporter-output>
        </test-method> <!-- addToCartTest -->
        <test-method is-config="true" signature="getResult(org.testng.ITestResult)[pri:0, instance:testcases.AddToCartTest@5974109]" started-at="2024-06-16T19:13:14 IST" name="getResult" finished-at="2024-06-16T19:13:15 IST" duration-ms="1026" status="PASS">
          <params>
            <param index="0">
              <value>
                <![CDATA[[TestResult name=addToCartTest status=SUCCESS method=AddToCartTest.addToCartTest()[pri:0, instance:testcases.AddToCartTest@5974109] output={null}]]]>
              </value>
            </param>
          </params>
          <reporter-output>
          </reporter-output>
        </test-method> <!-- getResult -->
        <test-method is-config="true" signature="finishReport()[pri:0, instance:testcases.AddToCartTest@5974109]" started-at="2024-06-16T19:13:15 IST" name="finishReport" finished-at="2024-06-16T19:13:16 IST" duration-ms="882" status="PASS">
          <reporter-output>
          </reporter-output>
        </test-method> <!-- finishReport -->
      </class> <!-- testcases.AddToCartTest -->
    </test> <!-- Default test -->
  </suite> <!-- Default suite -->
</testng-results>
